[  0%] Built target geometry_msgs_generate_messages_py
[  0%] Built target std_msgs_generate_messages_py
[  0%] Built target _freyja_msgs_generate_messages_check_deps_CurrentStateBiasEst
[  0%] Built target _freyja_msgs_generate_messages_check_deps_AsctecData
[  0%] Built target _freyja_msgs_generate_messages_check_deps_AsctecCommand
[  0%] Built target _freyja_msgs_generate_messages_check_deps_MotorCommand
[  0%] Built target _freyja_msgs_generate_messages_check_deps_ReferenceState
[  0%] Built target geometry_msgs_generate_messages_cpp
[  0%] Built target _freyja_msgs_generate_messages_check_deps_TrajectoryDebug
[  0%] Built target std_msgs_generate_messages_cpp
[  0%] Built target geometry_msgs_generate_messages_eus
[  0%] Built target std_msgs_generate_messages_eus
[  0%] Built target geometry_msgs_generate_messages_lisp
[  0%] Built target std_msgs_generate_messages_lisp
[  0%] Built target geometry_msgs_generate_messages_nodejs
[  0%] Built target std_msgs_generate_messages_nodejs
[  0%] Built target _freyja_msgs_generate_messages_check_deps_WaypointTarget
[  0%] Built target _freyja_msgs_generate_messages_check_deps_CtrlCommand
[  0%] Built target _freyja_msgs_generate_messages_check_deps_CurrentState
[  0%] Built target _freyja_msgs_generate_messages_check_deps_ControllerDebug
[ 21%] Built target freyja_msgs_generate_messages_py
[ 40%] Built target freyja_msgs_generate_messages_cpp
[ 61%] Built target freyja_msgs_generate_messages_eus
[ 80%] Built target freyja_msgs_generate_messages_lisp
[100%] Built target freyja_msgs_generate_messages_nodejs
[100%] Built target freyja_msgs_generate_messages
