Symlinking /home/reustudents/DroneQuest/devel/share/roseus/ros/freyja_msgs/manifest.l
Symlinking /home/reustudents/DroneQuest/devel/share/roseus/ros/freyja_msgs/msg/TrajectoryDebug.l
Symlinking /home/reustudents/DroneQuest/devel/share/roseus/ros/freyja_msgs/msg/CurrentState.l
Symlinking /home/reustudents/DroneQuest/devel/share/roseus/ros/freyja_msgs/msg/MotorCommand.l
Symlinking /home/reustudents/DroneQuest/devel/share/roseus/ros/freyja_msgs/msg/ReferenceState.l
Symlinking /home/reustudents/DroneQuest/devel/share/roseus/ros/freyja_msgs/msg/ControllerDebug.l
Symlinking /home/reustudents/DroneQuest/devel/share/roseus/ros/freyja_msgs/msg/AsctecData.l
Symlinking /home/reustudents/DroneQuest/devel/share/roseus/ros/freyja_msgs/msg/WaypointTarget.l
Symlinking /home/reustudents/DroneQuest/devel/share/roseus/ros/freyja_msgs/msg/CtrlCommand.l
Symlinking /home/reustudents/DroneQuest/devel/share/roseus/ros/freyja_msgs/msg/AsctecCommand.l
Symlinking /home/reustudents/DroneQuest/devel/share/roseus/ros/freyja_msgs/msg/CurrentStateBiasEst.l
Symlinking /home/reustudents/DroneQuest/devel/share/freyja_msgs/cmake/freyja_msgsConfig-version.cmake
Symlinking /home/reustudents/DroneQuest/devel/share/freyja_msgs/cmake/freyja_msgs-msg-extras.cmake
Symlinking /home/reustudents/DroneQuest/devel/share/freyja_msgs/cmake/freyja_msgsConfig.cmake
Symlinking /home/reustudents/DroneQuest/devel/share/freyja_msgs/cmake/freyja_msgs-msg-paths.cmake
Symlinking /home/reustudents/DroneQuest/devel/share/gennodejs/ros/freyja_msgs/_index.js
Symlinking /home/reustudents/DroneQuest/devel/share/gennodejs/ros/freyja_msgs/msg/CurrentState.js
Symlinking /home/reustudents/DroneQuest/devel/share/gennodejs/ros/freyja_msgs/msg/TrajectoryDebug.js
Symlinking /home/reustudents/DroneQuest/devel/share/gennodejs/ros/freyja_msgs/msg/MotorCommand.js
Symlinking /home/reustudents/DroneQuest/devel/share/gennodejs/ros/freyja_msgs/msg/AsctecCommand.js
Symlinking /home/reustudents/DroneQuest/devel/share/gennodejs/ros/freyja_msgs/msg/CurrentStateBiasEst.js
Symlinking /home/reustudents/DroneQuest/devel/share/gennodejs/ros/freyja_msgs/msg/WaypointTarget.js
Symlinking /home/reustudents/DroneQuest/devel/share/gennodejs/ros/freyja_msgs/msg/AsctecData.js
Symlinking /home/reustudents/DroneQuest/devel/share/gennodejs/ros/freyja_msgs/msg/ControllerDebug.js
Symlinking /home/reustudents/DroneQuest/devel/share/gennodejs/ros/freyja_msgs/msg/CtrlCommand.js
Symlinking /home/reustudents/DroneQuest/devel/share/gennodejs/ros/freyja_msgs/msg/_index.js
Symlinking /home/reustudents/DroneQuest/devel/share/gennodejs/ros/freyja_msgs/msg/ReferenceState.js
Symlinking /home/reustudents/DroneQuest/devel/share/common-lisp/ros/freyja_msgs/msg/AsctecCommand.lisp
Symlinking /home/reustudents/DroneQuest/devel/share/common-lisp/ros/freyja_msgs/msg/MotorCommand.lisp
Symlinking /home/reustudents/DroneQuest/devel/share/common-lisp/ros/freyja_msgs/msg/_package.lisp
Symlinking /home/reustudents/DroneQuest/devel/share/common-lisp/ros/freyja_msgs/msg/CurrentStateBiasEst.lisp
Symlinking /home/reustudents/DroneQuest/devel/share/common-lisp/ros/freyja_msgs/msg/_package_WaypointTarget.lisp
Symlinking /home/reustudents/DroneQuest/devel/share/common-lisp/ros/freyja_msgs/msg/TrajectoryDebug.lisp
Symlinking /home/reustudents/DroneQuest/devel/share/common-lisp/ros/freyja_msgs/msg/_package_AsctecData.lisp
Symlinking /home/reustudents/DroneQuest/devel/share/common-lisp/ros/freyja_msgs/msg/ReferenceState.lisp
Symlinking /home/reustudents/DroneQuest/devel/share/common-lisp/ros/freyja_msgs/msg/WaypointTarget.lisp
Symlinking /home/reustudents/DroneQuest/devel/share/common-lisp/ros/freyja_msgs/msg/_package_ReferenceState.lisp
Symlinking /home/reustudents/DroneQuest/devel/share/common-lisp/ros/freyja_msgs/msg/_package_CurrentState.lisp
Symlinking /home/reustudents/DroneQuest/devel/share/common-lisp/ros/freyja_msgs/msg/_package_TrajectoryDebug.lisp
Symlinking /home/reustudents/DroneQuest/devel/share/common-lisp/ros/freyja_msgs/msg/AsctecData.lisp
Symlinking /home/reustudents/DroneQuest/devel/share/common-lisp/ros/freyja_msgs/msg/CurrentState.lisp
Symlinking /home/reustudents/DroneQuest/devel/share/common-lisp/ros/freyja_msgs/msg/_package_AsctecCommand.lisp
Symlinking /home/reustudents/DroneQuest/devel/share/common-lisp/ros/freyja_msgs/msg/CtrlCommand.lisp
Symlinking /home/reustudents/DroneQuest/devel/share/common-lisp/ros/freyja_msgs/msg/_package_MotorCommand.lisp
Symlinking /home/reustudents/DroneQuest/devel/share/common-lisp/ros/freyja_msgs/msg/ControllerDebug.lisp
Symlinking /home/reustudents/DroneQuest/devel/share/common-lisp/ros/freyja_msgs/msg/freyja_msgs-msg.asd
Symlinking /home/reustudents/DroneQuest/devel/share/common-lisp/ros/freyja_msgs/msg/_package_CtrlCommand.lisp
Symlinking /home/reustudents/DroneQuest/devel/share/common-lisp/ros/freyja_msgs/msg/_package_ControllerDebug.lisp
Symlinking /home/reustudents/DroneQuest/devel/share/common-lisp/ros/freyja_msgs/msg/_package_CurrentStateBiasEst.lisp
Symlinking /home/reustudents/DroneQuest/devel/lib/pkgconfig/freyja_msgs.pc
Symlinking /home/reustudents/DroneQuest/devel/lib/python3/dist-packages/freyja_msgs/__init__.py
Symlinking /home/reustudents/DroneQuest/devel/lib/python3/dist-packages/freyja_msgs/msg/_TrajectoryDebug.py
Symlinking /home/reustudents/DroneQuest/devel/lib/python3/dist-packages/freyja_msgs/msg/_MotorCommand.py
Symlinking /home/reustudents/DroneQuest/devel/lib/python3/dist-packages/freyja_msgs/msg/_WaypointTarget.py
Symlinking /home/reustudents/DroneQuest/devel/lib/python3/dist-packages/freyja_msgs/msg/__init__.py
Symlinking /home/reustudents/DroneQuest/devel/lib/python3/dist-packages/freyja_msgs/msg/_ReferenceState.py
Symlinking /home/reustudents/DroneQuest/devel/lib/python3/dist-packages/freyja_msgs/msg/_CurrentState.py
Symlinking /home/reustudents/DroneQuest/devel/lib/python3/dist-packages/freyja_msgs/msg/_CurrentStateBiasEst.py
Symlinking /home/reustudents/DroneQuest/devel/lib/python3/dist-packages/freyja_msgs/msg/_AsctecData.py
Symlinking /home/reustudents/DroneQuest/devel/lib/python3/dist-packages/freyja_msgs/msg/_ControllerDebug.py
Symlinking /home/reustudents/DroneQuest/devel/lib/python3/dist-packages/freyja_msgs/msg/_CtrlCommand.py
Symlinking /home/reustudents/DroneQuest/devel/lib/python3/dist-packages/freyja_msgs/msg/_AsctecCommand.py
Symlinking /home/reustudents/DroneQuest/devel/include/freyja_msgs/ReferenceState.h
Symlinking /home/reustudents/DroneQuest/devel/include/freyja_msgs/CtrlCommand.h
Symlinking /home/reustudents/DroneQuest/devel/include/freyja_msgs/CurrentState.h
Symlinking /home/reustudents/DroneQuest/devel/include/freyja_msgs/AsctecCommand.h
Symlinking /home/reustudents/DroneQuest/devel/include/freyja_msgs/TrajectoryDebug.h
Symlinking /home/reustudents/DroneQuest/devel/include/freyja_msgs/CurrentStateBiasEst.h
Symlinking /home/reustudents/DroneQuest/devel/include/freyja_msgs/ControllerDebug.h
Symlinking /home/reustudents/DroneQuest/devel/include/freyja_msgs/AsctecData.h
Symlinking /home/reustudents/DroneQuest/devel/include/freyja_msgs/WaypointTarget.h
Symlinking /home/reustudents/DroneQuest/devel/include/freyja_msgs/MotorCommand.h
