[  0%] Built target geometry_msgs_generate_messages_py
[  0%] Built target std_msgs_generate_messages_py
[  0%] Built target _freyja_msgs_generate_messages_check_deps_CurrentStateBiasEst
[  0%] Built target _freyja_msgs_generate_messages_check_deps_AsctecCommand
[  0%] Built target _freyja_msgs_generate_messages_check_deps_AsctecData
[  0%] Built target _freyja_msgs_generate_messages_check_deps_MotorCommand
[  0%] Built target _freyja_msgs_generate_messages_check_deps_ReferenceState
[  0%] Built target _freyja_msgs_generate_messages_check_deps_TrajectoryDebug
[  0%] Built target _freyja_msgs_generate_messages_check_deps_WaypointTarget
[  0%] Built target _freyja_msgs_generate_messages_check_deps_CtrlCommand
[  0%] Built target _freyja_msgs_generate_messages_check_deps_ControllerDebug
[  0%] Built target _freyja_msgs_generate_messages_check_deps_CurrentState
[  0%] Built target geometry_msgs_generate_messages_cpp
[  0%] Built target std_msgs_generate_messages_cpp
[  0%] Built target geometry_msgs_generate_messages_eus
[  0%] Built target std_msgs_generate_messages_eus
[  0%] Built target geometry_msgs_generate_messages_lisp
[  0%] Built target std_msgs_generate_messages_lisp
[  0%] Built target geometry_msgs_generate_messages_nodejs
[  0%] Built target std_msgs_generate_messages_nodejs
[  1%] [34m[1mGenerating Python from MSG freyja_msgs/AsctecCommand[0m
[  3%] [34m[1mGenerating Python from MSG freyja_msgs/AsctecData[0m
[  5%] [34m[1mGenerating Python from MSG freyja_msgs/MotorCommand[0m
[  7%] [34m[1mGenerating C++ code from freyja_msgs/AsctecCommand.msg[0m
[  9%] [34m[1mGenerating C++ code from freyja_msgs/AsctecData.msg[0m
[ 11%] [34m[1mGenerating Python from MSG freyja_msgs/ReferenceState[0m
[ 13%] [34m[1mGenerating Python from MSG freyja_msgs/TrajectoryDebug[0m
[ 15%] [34m[1mGenerating Python from MSG freyja_msgs/WaypointTarget[0m
[ 17%] [34m[1mGenerating C++ code from freyja_msgs/MotorCommand.msg[0m
[ 19%] [34m[1mGenerating Python from MSG freyja_msgs/CtrlCommand[0m
[ 21%] [34m[1mGenerating C++ code from freyja_msgs/ReferenceState.msg[0m
[ 23%] [34m[1mGenerating Python from MSG freyja_msgs/ControllerDebug[0m
[ 25%] [34m[1mGenerating EusLisp code from freyja_msgs/AsctecCommand.msg[0m
[ 26%] [34m[1mGenerating Python from MSG freyja_msgs/CurrentState[0m
[ 28%] [34m[1mGenerating Python from MSG freyja_msgs/CurrentStateBiasEst[0m
[ 30%] [34m[1mGenerating EusLisp code from freyja_msgs/AsctecData.msg[0m
[ 32%] [34m[1mGenerating C++ code from freyja_msgs/TrajectoryDebug.msg[0m
[ 34%] [34m[1mGenerating EusLisp code from freyja_msgs/MotorCommand.msg[0m
[ 36%] [34m[1mGenerating C++ code from freyja_msgs/WaypointTarget.msg[0m
[ 38%] [34m[1mGenerating EusLisp code from freyja_msgs/ReferenceState.msg[0m
[ 40%] [34m[1mGenerating Lisp code from freyja_msgs/AsctecCommand.msg[0m
[ 42%] [34m[1mGenerating EusLisp code from freyja_msgs/TrajectoryDebug.msg[0m
[ 44%] [34m[1mGenerating EusLisp code from freyja_msgs/WaypointTarget.msg[0m
[ 46%] [34m[1mGenerating Javascript code from freyja_msgs/AsctecCommand.msg[0m
[ 48%] [34m[1mGenerating Lisp code from freyja_msgs/AsctecData.msg[0m
[ 50%] [34m[1mGenerating Lisp code from freyja_msgs/MotorCommand.msg[0m
[ 51%] [34m[1mGenerating Javascript code from freyja_msgs/AsctecData.msg[0m
[ 53%] [34m[1mGenerating Python msg __init__.py for freyja_msgs[0m
[ 55%] [34m[1mGenerating Javascript code from freyja_msgs/MotorCommand.msg[0m
[ 57%] [34m[1mGenerating C++ code from freyja_msgs/CtrlCommand.msg[0m
[ 59%] [34m[1mGenerating EusLisp code from freyja_msgs/CtrlCommand.msg[0m
[ 61%] [34m[1mGenerating Javascript code from freyja_msgs/ReferenceState.msg[0m
[ 63%] [34m[1mGenerating EusLisp code from freyja_msgs/ControllerDebug.msg[0m
[ 65%] [34m[1mGenerating EusLisp code from freyja_msgs/CurrentState.msg[0m
[ 67%] [34m[1mGenerating C++ code from freyja_msgs/ControllerDebug.msg[0m
[ 69%] [34m[1mGenerating Javascript code from freyja_msgs/TrajectoryDebug.msg[0m
[ 71%] [34m[1mGenerating Lisp code from freyja_msgs/ReferenceState.msg[0m
[ 73%] [34m[1mGenerating Javascript code from freyja_msgs/WaypointTarget.msg[0m
[ 75%] [34m[1mGenerating C++ code from freyja_msgs/CurrentState.msg[0m
[ 76%] [34m[1mGenerating Javascript code from freyja_msgs/CtrlCommand.msg[0m
[ 78%] [34m[1mGenerating C++ code from freyja_msgs/CurrentStateBiasEst.msg[0m
[ 80%] [34m[1mGenerating Lisp code from freyja_msgs/TrajectoryDebug.msg[0m
[ 82%] [34m[1mGenerating Lisp code from freyja_msgs/WaypointTarget.msg[0m
[ 84%] [34m[1mGenerating EusLisp code from freyja_msgs/CurrentStateBiasEst.msg[0m
[ 84%] Built target freyja_msgs_generate_messages_py
[ 86%] [34m[1mGenerating Javascript code from freyja_msgs/ControllerDebug.msg[0m
[ 88%] [34m[1mGenerating Javascript code from freyja_msgs/CurrentState.msg[0m
[ 90%] [34m[1mGenerating Lisp code from freyja_msgs/CtrlCommand.msg[0m
[ 92%] [34m[1mGenerating Lisp code from freyja_msgs/ControllerDebug.msg[0m
[ 94%] [34m[1mGenerating Lisp code from freyja_msgs/CurrentState.msg[0m
[ 96%] [34m[1mGenerating Lisp code from freyja_msgs/CurrentStateBiasEst.msg[0m
[ 98%] [34m[1mGenerating Javascript code from freyja_msgs/CurrentStateBiasEst.msg[0m
[100%] [34m[1mGenerating EusLisp manifest code for freyja_msgs[0m
[100%] Built target freyja_msgs_generate_messages_lisp
[100%] Built target freyja_msgs_generate_messages_nodejs
[100%] Built target freyja_msgs_generate_messages_cpp
[100%] Built target freyja_msgs_generate_messages_eus
[100%] Built target freyja_msgs_generate_messages
