Linked: (/home/reustudents/DroneQuest/devel/.private/freyja_msgs/share/roseus/ros/freyja_msgs/manifest.l, /home/reustudents/DroneQuest/devel/share/roseus/ros/freyja_msgs/manifest.l)
Linked: (/home/reustudents/DroneQuest/devel/.private/freyja_msgs/share/roseus/ros/freyja_msgs/msg/TrajectoryDebug.l, /home/reustudents/DroneQuest/devel/share/roseus/ros/freyja_msgs/msg/TrajectoryDebug.l)
Linked: (/home/reustudents/DroneQuest/devel/.private/freyja_msgs/share/roseus/ros/freyja_msgs/msg/CurrentState.l, /home/reustudents/DroneQuest/devel/share/roseus/ros/freyja_msgs/msg/CurrentState.l)
Linked: (/home/reustudents/DroneQuest/devel/.private/freyja_msgs/share/roseus/ros/freyja_msgs/msg/MotorCommand.l, /home/reustudents/DroneQuest/devel/share/roseus/ros/freyja_msgs/msg/MotorCommand.l)
Linked: (/home/reustudents/DroneQuest/devel/.private/freyja_msgs/share/roseus/ros/freyja_msgs/msg/ReferenceState.l, /home/reustudents/DroneQuest/devel/share/roseus/ros/freyja_msgs/msg/ReferenceState.l)
Linked: (/home/reustudents/DroneQuest/devel/.private/freyja_msgs/share/roseus/ros/freyja_msgs/msg/ControllerDebug.l, /home/reustudents/DroneQuest/devel/share/roseus/ros/freyja_msgs/msg/ControllerDebug.l)
Linked: (/home/reustudents/DroneQuest/devel/.private/freyja_msgs/share/roseus/ros/freyja_msgs/msg/AsctecData.l, /home/reustudents/DroneQuest/devel/share/roseus/ros/freyja_msgs/msg/AsctecData.l)
Linked: (/home/reustudents/DroneQuest/devel/.private/freyja_msgs/share/roseus/ros/freyja_msgs/msg/WaypointTarget.l, /home/reustudents/DroneQuest/devel/share/roseus/ros/freyja_msgs/msg/WaypointTarget.l)
Linked: (/home/reustudents/DroneQuest/devel/.private/freyja_msgs/share/roseus/ros/freyja_msgs/msg/CtrlCommand.l, /home/reustudents/DroneQuest/devel/share/roseus/ros/freyja_msgs/msg/CtrlCommand.l)
Linked: (/home/reustudents/DroneQuest/devel/.private/freyja_msgs/share/roseus/ros/freyja_msgs/msg/AsctecCommand.l, /home/reustudents/DroneQuest/devel/share/roseus/ros/freyja_msgs/msg/AsctecCommand.l)
Linked: (/home/reustudents/DroneQuest/devel/.private/freyja_msgs/share/roseus/ros/freyja_msgs/msg/CurrentStateBiasEst.l, /home/reustudents/DroneQuest/devel/share/roseus/ros/freyja_msgs/msg/CurrentStateBiasEst.l)
Linked: (/home/reustudents/DroneQuest/devel/.private/freyja_msgs/share/freyja_msgs/cmake/freyja_msgsConfig-version.cmake, /home/reustudents/DroneQuest/devel/share/freyja_msgs/cmake/freyja_msgsConfig-version.cmake)
Linked: (/home/reustudents/DroneQuest/devel/.private/freyja_msgs/share/freyja_msgs/cmake/freyja_msgs-msg-extras.cmake, /home/reustudents/DroneQuest/devel/share/freyja_msgs/cmake/freyja_msgs-msg-extras.cmake)
Linked: (/home/reustudents/DroneQuest/devel/.private/freyja_msgs/share/freyja_msgs/cmake/freyja_msgsConfig.cmake, /home/reustudents/DroneQuest/devel/share/freyja_msgs/cmake/freyja_msgsConfig.cmake)
Linked: (/home/reustudents/DroneQuest/devel/.private/freyja_msgs/share/freyja_msgs/cmake/freyja_msgs-msg-paths.cmake, /home/reustudents/DroneQuest/devel/share/freyja_msgs/cmake/freyja_msgs-msg-paths.cmake)
Linked: (/home/reustudents/DroneQuest/devel/.private/freyja_msgs/share/gennodejs/ros/freyja_msgs/_index.js, /home/reustudents/DroneQuest/devel/share/gennodejs/ros/freyja_msgs/_index.js)
Linked: (/home/reustudents/DroneQuest/devel/.private/freyja_msgs/share/gennodejs/ros/freyja_msgs/msg/CurrentState.js, /home/reustudents/DroneQuest/devel/share/gennodejs/ros/freyja_msgs/msg/CurrentState.js)
Linked: (/home/reustudents/DroneQuest/devel/.private/freyja_msgs/share/gennodejs/ros/freyja_msgs/msg/TrajectoryDebug.js, /home/reustudents/DroneQuest/devel/share/gennodejs/ros/freyja_msgs/msg/TrajectoryDebug.js)
Linked: (/home/reustudents/DroneQuest/devel/.private/freyja_msgs/share/gennodejs/ros/freyja_msgs/msg/MotorCommand.js, /home/reustudents/DroneQuest/devel/share/gennodejs/ros/freyja_msgs/msg/MotorCommand.js)
Linked: (/home/reustudents/DroneQuest/devel/.private/freyja_msgs/share/gennodejs/ros/freyja_msgs/msg/AsctecCommand.js, /home/reustudents/DroneQuest/devel/share/gennodejs/ros/freyja_msgs/msg/AsctecCommand.js)
Linked: (/home/reustudents/DroneQuest/devel/.private/freyja_msgs/share/gennodejs/ros/freyja_msgs/msg/CurrentStateBiasEst.js, /home/reustudents/DroneQuest/devel/share/gennodejs/ros/freyja_msgs/msg/CurrentStateBiasEst.js)
Linked: (/home/reustudents/DroneQuest/devel/.private/freyja_msgs/share/gennodejs/ros/freyja_msgs/msg/WaypointTarget.js, /home/reustudents/DroneQuest/devel/share/gennodejs/ros/freyja_msgs/msg/WaypointTarget.js)
Linked: (/home/reustudents/DroneQuest/devel/.private/freyja_msgs/share/gennodejs/ros/freyja_msgs/msg/AsctecData.js, /home/reustudents/DroneQuest/devel/share/gennodejs/ros/freyja_msgs/msg/AsctecData.js)
Linked: (/home/reustudents/DroneQuest/devel/.private/freyja_msgs/share/gennodejs/ros/freyja_msgs/msg/ControllerDebug.js, /home/reustudents/DroneQuest/devel/share/gennodejs/ros/freyja_msgs/msg/ControllerDebug.js)
Linked: (/home/reustudents/DroneQuest/devel/.private/freyja_msgs/share/gennodejs/ros/freyja_msgs/msg/CtrlCommand.js, /home/reustudents/DroneQuest/devel/share/gennodejs/ros/freyja_msgs/msg/CtrlCommand.js)
Linked: (/home/reustudents/DroneQuest/devel/.private/freyja_msgs/share/gennodejs/ros/freyja_msgs/msg/_index.js, /home/reustudents/DroneQuest/devel/share/gennodejs/ros/freyja_msgs/msg/_index.js)
Linked: (/home/reustudents/DroneQuest/devel/.private/freyja_msgs/share/gennodejs/ros/freyja_msgs/msg/ReferenceState.js, /home/reustudents/DroneQuest/devel/share/gennodejs/ros/freyja_msgs/msg/ReferenceState.js)
Linked: (/home/reustudents/DroneQuest/devel/.private/freyja_msgs/share/common-lisp/ros/freyja_msgs/msg/AsctecCommand.lisp, /home/reustudents/DroneQuest/devel/share/common-lisp/ros/freyja_msgs/msg/AsctecCommand.lisp)
Linked: (/home/reustudents/DroneQuest/devel/.private/freyja_msgs/share/common-lisp/ros/freyja_msgs/msg/MotorCommand.lisp, /home/reustudents/DroneQuest/devel/share/common-lisp/ros/freyja_msgs/msg/MotorCommand.lisp)
Linked: (/home/reustudents/DroneQuest/devel/.private/freyja_msgs/share/common-lisp/ros/freyja_msgs/msg/_package.lisp, /home/reustudents/DroneQuest/devel/share/common-lisp/ros/freyja_msgs/msg/_package.lisp)
Linked: (/home/reustudents/DroneQuest/devel/.private/freyja_msgs/share/common-lisp/ros/freyja_msgs/msg/CurrentStateBiasEst.lisp, /home/reustudents/DroneQuest/devel/share/common-lisp/ros/freyja_msgs/msg/CurrentStateBiasEst.lisp)
Linked: (/home/reustudents/DroneQuest/devel/.private/freyja_msgs/share/common-lisp/ros/freyja_msgs/msg/_package_WaypointTarget.lisp, /home/reustudents/DroneQuest/devel/share/common-lisp/ros/freyja_msgs/msg/_package_WaypointTarget.lisp)
Linked: (/home/reustudents/DroneQuest/devel/.private/freyja_msgs/share/common-lisp/ros/freyja_msgs/msg/TrajectoryDebug.lisp, /home/reustudents/DroneQuest/devel/share/common-lisp/ros/freyja_msgs/msg/TrajectoryDebug.lisp)
Linked: (/home/reustudents/DroneQuest/devel/.private/freyja_msgs/share/common-lisp/ros/freyja_msgs/msg/_package_AsctecData.lisp, /home/reustudents/DroneQuest/devel/share/common-lisp/ros/freyja_msgs/msg/_package_AsctecData.lisp)
Linked: (/home/reustudents/DroneQuest/devel/.private/freyja_msgs/share/common-lisp/ros/freyja_msgs/msg/ReferenceState.lisp, /home/reustudents/DroneQuest/devel/share/common-lisp/ros/freyja_msgs/msg/ReferenceState.lisp)
Linked: (/home/reustudents/DroneQuest/devel/.private/freyja_msgs/share/common-lisp/ros/freyja_msgs/msg/WaypointTarget.lisp, /home/reustudents/DroneQuest/devel/share/common-lisp/ros/freyja_msgs/msg/WaypointTarget.lisp)
Linked: (/home/reustudents/DroneQuest/devel/.private/freyja_msgs/share/common-lisp/ros/freyja_msgs/msg/_package_ReferenceState.lisp, /home/reustudents/DroneQuest/devel/share/common-lisp/ros/freyja_msgs/msg/_package_ReferenceState.lisp)
Linked: (/home/reustudents/DroneQuest/devel/.private/freyja_msgs/share/common-lisp/ros/freyja_msgs/msg/_package_CurrentState.lisp, /home/reustudents/DroneQuest/devel/share/common-lisp/ros/freyja_msgs/msg/_package_CurrentState.lisp)
Linked: (/home/reustudents/DroneQuest/devel/.private/freyja_msgs/share/common-lisp/ros/freyja_msgs/msg/_package_TrajectoryDebug.lisp, /home/reustudents/DroneQuest/devel/share/common-lisp/ros/freyja_msgs/msg/_package_TrajectoryDebug.lisp)
Linked: (/home/reustudents/DroneQuest/devel/.private/freyja_msgs/share/common-lisp/ros/freyja_msgs/msg/AsctecData.lisp, /home/reustudents/DroneQuest/devel/share/common-lisp/ros/freyja_msgs/msg/AsctecData.lisp)
Linked: (/home/reustudents/DroneQuest/devel/.private/freyja_msgs/share/common-lisp/ros/freyja_msgs/msg/CurrentState.lisp, /home/reustudents/DroneQuest/devel/share/common-lisp/ros/freyja_msgs/msg/CurrentState.lisp)
Linked: (/home/reustudents/DroneQuest/devel/.private/freyja_msgs/share/common-lisp/ros/freyja_msgs/msg/_package_AsctecCommand.lisp, /home/reustudents/DroneQuest/devel/share/common-lisp/ros/freyja_msgs/msg/_package_AsctecCommand.lisp)
Linked: (/home/reustudents/DroneQuest/devel/.private/freyja_msgs/share/common-lisp/ros/freyja_msgs/msg/CtrlCommand.lisp, /home/reustudents/DroneQuest/devel/share/common-lisp/ros/freyja_msgs/msg/CtrlCommand.lisp)
Linked: (/home/reustudents/DroneQuest/devel/.private/freyja_msgs/share/common-lisp/ros/freyja_msgs/msg/_package_MotorCommand.lisp, /home/reustudents/DroneQuest/devel/share/common-lisp/ros/freyja_msgs/msg/_package_MotorCommand.lisp)
Linked: (/home/reustudents/DroneQuest/devel/.private/freyja_msgs/share/common-lisp/ros/freyja_msgs/msg/ControllerDebug.lisp, /home/reustudents/DroneQuest/devel/share/common-lisp/ros/freyja_msgs/msg/ControllerDebug.lisp)
Linked: (/home/reustudents/DroneQuest/devel/.private/freyja_msgs/share/common-lisp/ros/freyja_msgs/msg/freyja_msgs-msg.asd, /home/reustudents/DroneQuest/devel/share/common-lisp/ros/freyja_msgs/msg/freyja_msgs-msg.asd)
Linked: (/home/reustudents/DroneQuest/devel/.private/freyja_msgs/share/common-lisp/ros/freyja_msgs/msg/_package_CtrlCommand.lisp, /home/reustudents/DroneQuest/devel/share/common-lisp/ros/freyja_msgs/msg/_package_CtrlCommand.lisp)
Linked: (/home/reustudents/DroneQuest/devel/.private/freyja_msgs/share/common-lisp/ros/freyja_msgs/msg/_package_ControllerDebug.lisp, /home/reustudents/DroneQuest/devel/share/common-lisp/ros/freyja_msgs/msg/_package_ControllerDebug.lisp)
Linked: (/home/reustudents/DroneQuest/devel/.private/freyja_msgs/share/common-lisp/ros/freyja_msgs/msg/_package_CurrentStateBiasEst.lisp, /home/reustudents/DroneQuest/devel/share/common-lisp/ros/freyja_msgs/msg/_package_CurrentStateBiasEst.lisp)
Linked: (/home/reustudents/DroneQuest/devel/.private/freyja_msgs/lib/pkgconfig/freyja_msgs.pc, /home/reustudents/DroneQuest/devel/lib/pkgconfig/freyja_msgs.pc)
Linked: (/home/reustudents/DroneQuest/devel/.private/freyja_msgs/lib/python3/dist-packages/freyja_msgs/__init__.py, /home/reustudents/DroneQuest/devel/lib/python3/dist-packages/freyja_msgs/__init__.py)
Linked: (/home/reustudents/DroneQuest/devel/.private/freyja_msgs/lib/python3/dist-packages/freyja_msgs/msg/_TrajectoryDebug.py, /home/reustudents/DroneQuest/devel/lib/python3/dist-packages/freyja_msgs/msg/_TrajectoryDebug.py)
Linked: (/home/reustudents/DroneQuest/devel/.private/freyja_msgs/lib/python3/dist-packages/freyja_msgs/msg/_MotorCommand.py, /home/reustudents/DroneQuest/devel/lib/python3/dist-packages/freyja_msgs/msg/_MotorCommand.py)
Linked: (/home/reustudents/DroneQuest/devel/.private/freyja_msgs/lib/python3/dist-packages/freyja_msgs/msg/_WaypointTarget.py, /home/reustudents/DroneQuest/devel/lib/python3/dist-packages/freyja_msgs/msg/_WaypointTarget.py)
Linked: (/home/reustudents/DroneQuest/devel/.private/freyja_msgs/lib/python3/dist-packages/freyja_msgs/msg/__init__.py, /home/reustudents/DroneQuest/devel/lib/python3/dist-packages/freyja_msgs/msg/__init__.py)
Linked: (/home/reustudents/DroneQuest/devel/.private/freyja_msgs/lib/python3/dist-packages/freyja_msgs/msg/_ReferenceState.py, /home/reustudents/DroneQuest/devel/lib/python3/dist-packages/freyja_msgs/msg/_ReferenceState.py)
Linked: (/home/reustudents/DroneQuest/devel/.private/freyja_msgs/lib/python3/dist-packages/freyja_msgs/msg/_CurrentState.py, /home/reustudents/DroneQuest/devel/lib/python3/dist-packages/freyja_msgs/msg/_CurrentState.py)
Linked: (/home/reustudents/DroneQuest/devel/.private/freyja_msgs/lib/python3/dist-packages/freyja_msgs/msg/_CurrentStateBiasEst.py, /home/reustudents/DroneQuest/devel/lib/python3/dist-packages/freyja_msgs/msg/_CurrentStateBiasEst.py)
Linked: (/home/reustudents/DroneQuest/devel/.private/freyja_msgs/lib/python3/dist-packages/freyja_msgs/msg/_AsctecData.py, /home/reustudents/DroneQuest/devel/lib/python3/dist-packages/freyja_msgs/msg/_AsctecData.py)
Linked: (/home/reustudents/DroneQuest/devel/.private/freyja_msgs/lib/python3/dist-packages/freyja_msgs/msg/_ControllerDebug.py, /home/reustudents/DroneQuest/devel/lib/python3/dist-packages/freyja_msgs/msg/_ControllerDebug.py)
Linked: (/home/reustudents/DroneQuest/devel/.private/freyja_msgs/lib/python3/dist-packages/freyja_msgs/msg/_CtrlCommand.py, /home/reustudents/DroneQuest/devel/lib/python3/dist-packages/freyja_msgs/msg/_CtrlCommand.py)
Linked: (/home/reustudents/DroneQuest/devel/.private/freyja_msgs/lib/python3/dist-packages/freyja_msgs/msg/_AsctecCommand.py, /home/reustudents/DroneQuest/devel/lib/python3/dist-packages/freyja_msgs/msg/_AsctecCommand.py)
Linked: (/home/reustudents/DroneQuest/devel/.private/freyja_msgs/include/freyja_msgs/ReferenceState.h, /home/reustudents/DroneQuest/devel/include/freyja_msgs/ReferenceState.h)
Linked: (/home/reustudents/DroneQuest/devel/.private/freyja_msgs/include/freyja_msgs/CtrlCommand.h, /home/reustudents/DroneQuest/devel/include/freyja_msgs/CtrlCommand.h)
Linked: (/home/reustudents/DroneQuest/devel/.private/freyja_msgs/include/freyja_msgs/CurrentState.h, /home/reustudents/DroneQuest/devel/include/freyja_msgs/CurrentState.h)
Linked: (/home/reustudents/DroneQuest/devel/.private/freyja_msgs/include/freyja_msgs/AsctecCommand.h, /home/reustudents/DroneQuest/devel/include/freyja_msgs/AsctecCommand.h)
Linked: (/home/reustudents/DroneQuest/devel/.private/freyja_msgs/include/freyja_msgs/TrajectoryDebug.h, /home/reustudents/DroneQuest/devel/include/freyja_msgs/TrajectoryDebug.h)
Linked: (/home/reustudents/DroneQuest/devel/.private/freyja_msgs/include/freyja_msgs/CurrentStateBiasEst.h, /home/reustudents/DroneQuest/devel/include/freyja_msgs/CurrentStateBiasEst.h)
Linked: (/home/reustudents/DroneQuest/devel/.private/freyja_msgs/include/freyja_msgs/ControllerDebug.h, /home/reustudents/DroneQuest/devel/include/freyja_msgs/ControllerDebug.h)
Linked: (/home/reustudents/DroneQuest/devel/.private/freyja_msgs/include/freyja_msgs/AsctecData.h, /home/reustudents/DroneQuest/devel/include/freyja_msgs/AsctecData.h)
Linked: (/home/reustudents/DroneQuest/devel/.private/freyja_msgs/include/freyja_msgs/WaypointTarget.h, /home/reustudents/DroneQuest/devel/include/freyja_msgs/WaypointTarget.h)
Linked: (/home/reustudents/DroneQuest/devel/.private/freyja_msgs/include/freyja_msgs/MotorCommand.h, /home/reustudents/DroneQuest/devel/include/freyja_msgs/MotorCommand.h)
