/home/reustudents/catkin_ws/src/Freyja/freyja_examples/src/temporal_provider.cpp:45:13: error: ISO C++ forbids declaration of ‘Drone’ with no type [-fpermissive]
   45 |       Drone(){
      |             ^
/home/reustudents/catkin_ws/src/Freyja/freyja_examples/src/temporal_provider.cpp: In member function ‘int DroneType::Drone()’:
/home/reustudents/catkin_ws/src/Freyja/freyja_examples/src/temporal_provider.cpp:57:7: warning: no return statement in function returning non-void [-Wreturn-type]
   57 |       }
      |       ^
/home/reustudents/catkin_ws/src/Freyja/freyja_examples/src/temporal_provider.cpp: In member function ‘void DroneType::takeOff()’:
/home/reustudents/catkin_ws/src/Freyja/freyja_examples/src/temporal_provider.cpp:96:11: error: ‘traj_pub’ was not declared in this scope
   96 |           traj_pub.publish(ref_state);
      |           ^~~~~~~~
/home/reustudents/catkin_ws/src/Freyja/freyja_examples/src/temporal_provider.cpp:99:11: error: ‘update_rate’ was not declared in this scope
   99 |           update_rate.sleep();
      |           ^~~~~~~~~~~
/home/reustudents/catkin_ws/src/Freyja/freyja_examples/src/temporal_provider.cpp: In function ‘void gestureUpdate(const ConstPtr&)’:
/home/reustudents/catkin_ws/src/Freyja/freyja_examples/src/temporal_provider.cpp:111:11: error: request for member ‘forward’ in ‘drone’, which is of non-class type ‘DroneType()’
  111 |     drone.forward();
      |           ^~~~~~~
/home/reustudents/catkin_ws/src/Freyja/freyja_examples/src/temporal_provider.cpp:112:5: error: ‘elif’ was not declared in this scope
  112 |   } elif (msg -> data == "Turn Right"){
      |     ^~~~
/home/reustudents/catkin_ws/src/Freyja/freyja_examples/src/temporal_provider.cpp: In function ‘int main(int, char**)’:
/home/reustudents/catkin_ws/src/Freyja/freyja_examples/src/temporal_provider.cpp:130:14: error: ‘nh’ was not declared in this scope
  130 |   traj_pub = nh.advertise <TrajRef> ( "/reference_state", 1, true );
      |              ^~
/home/reustudents/catkin_ws/src/Freyja/freyja_examples/src/temporal_provider.cpp:130:35: error: expected primary-expression before ‘>’ token
  130 |   traj_pub = nh.advertise <TrajRef> ( "/reference_state", 1, true );
      |                                   ^
/home/reustudents/catkin_ws/src/Freyja/freyja_examples/src/temporal_provider.cpp:141:3: error: ‘priv_nh’ was not declared in this scope
  141 |   priv_nh.param( "example_traj_type", traj_type, std::string("hover") );
      |   ^~~~~~~
/home/reustudents/catkin_ws/src/Freyja/freyja_examples/src/temporal_provider.cpp:148:9: error: request for member ‘takeOff’ in ‘drone’, which is of non-class type ‘DroneType()’
  148 |   drone.takeOff();
      |         ^~~~~~~
make[2]: *** [CMakeFiles/temporal_provider_node.dir/build.make:76: CMakeFiles/temporal_provider_node.dir/src/temporal_provider.cpp.o] Error 1
make[1]: *** [CMakeFiles/Makefile2:967: CMakeFiles/temporal_provider_node.dir/all] Error 2
make: *** [Makefile:146: all] Error 2
