[  0%] Built target geometry_msgs_generate_messages_py
[  0%] Built target geometry_msgs_generate_messages_cpp
[  0%] Built target geometry_msgs_generate_messages_eus
[  0%] Built target _vicon_bridge_generate_messages_check_deps_viconGrabPose
[  0%] Built target geometry_msgs_generate_messages_lisp
[  0%] Built target geometry_msgs_generate_messages_nodejs
[  1%] Built target vicon_bridge_gencfg
[  1%] Built target _vicon_bridge_generate_messages_check_deps_Marker
[  1%] Built target _vicon_bridge_generate_messages_check_deps_viconCalibrateSegment
[  1%] Built target _vicon_bridge_generate_messages_check_deps_Markers
[  1%] Built target _vicon_bridge_generate_messages_check_deps_TfDistortInfo
[ 14%] Built target vicon_bridge_generate_messages_py
[ 24%] Built target vicon_bridge_generate_messages_eus
[ 33%] Built target vicon_bridge_generate_messages_lisp
[ 42%] Built target vicon_bridge_generate_messages_nodejs
[ 50%] Built target vicon_bridge_generate_messages_cpp
[ 85%] Built target vicon_sdk
[ 85%] Built target vicon_bridge_gencpp
[ 85%] Built target vicon_bridge_generate_messages
[ 89%] Built target testclient
[ 92%] Built target vicon_bridge
[ 96%] Built target calibrate
[100%] Built target tf_distort
