[  0%] Built target geometry_msgs_generate_messages_py
[  0%] Built target geometry_msgs_generate_messages_lisp
[  0%] Built target geometry_msgs_generate_messages_eus
[  0%] Built target geometry_msgs_generate_messages_nodejs
[  0%] Built target geometry_msgs_generate_messages_cpp
[  1%] Built target vicon_bridge_gencfg
[  1%] Built target _vicon_bridge_generate_messages_check_deps_Marker
[  1%] Built target _vicon_bridge_generate_messages_check_deps_viconGrabPose
[  1%] Built target _vicon_bridge_generate_messages_check_deps_Markers
[  1%] Built target _vicon_bridge_generate_messages_check_deps_TfDistortInfo
[  1%] Built target _vicon_bridge_generate_messages_check_deps_viconCalibrateSegment
[ 36%] Built target vicon_sdk
[ 45%] Built target vicon_bridge_generate_messages_cpp
[ 64%] Built target vicon_bridge_generate_messages_lisp
[ 71%] Built target vicon_bridge_generate_messages_eus
[ 73%] Built target vicon_bridge_generate_messages_nodejs
[ 85%] Built target vicon_bridge_generate_messages_py
[ 89%] Built target testclient
[ 89%] Built target vicon_bridge_gencpp
[ 89%] Built target vicon_bridge_generate_messages
[ 92%] Built target calibrate
[ 96%] Built target vicon_bridge
[100%] Built target tf_distort
