Symlinking /home/reustudents/DroneQuest/devel/share/roseus/ros/vicon_bridge/manifest.l
Symlinking /home/reustudents/DroneQuest/devel/share/roseus/ros/vicon_bridge/srv/viconCalibrateSegment.l
Symlinking /home/reustudents/DroneQuest/devel/share/roseus/ros/vicon_bridge/srv/viconGrabPose.l
Symlinking /home/reustudents/DroneQuest/devel/share/roseus/ros/vicon_bridge/msg/Markers.l
Symlinking /home/reustudents/DroneQuest/devel/share/roseus/ros/vicon_bridge/msg/Marker.l
Symlinking /home/reustudents/DroneQuest/devel/share/roseus/ros/vicon_bridge/msg/TfDistortInfo.l
Symlinking /home/reustudents/DroneQuest/devel/share/vicon_bridge/docs/tf_distortConfig.wikidoc
Symlinking /home/reustudents/DroneQuest/devel/share/vicon_bridge/docs/tf_distortConfig.dox
Symlinking /home/reustudents/DroneQuest/devel/share/vicon_bridge/docs/tf_distortConfig-usage.dox
Symlinking /home/reustudents/DroneQuest/devel/share/vicon_bridge/cmake/vicon_bridgeConfig.cmake
Symlinking /home/reustudents/DroneQuest/devel/share/vicon_bridge/cmake/vicon_bridgeConfig-version.cmake
Symlinking /home/reustudents/DroneQuest/devel/share/vicon_bridge/cmake/vicon_bridge-msg-paths.cmake
Symlinking /home/reustudents/DroneQuest/devel/share/vicon_bridge/cmake/vicon_bridge-msg-extras.cmake
Symlinking /home/reustudents/DroneQuest/devel/share/gennodejs/ros/vicon_bridge/_index.js
Symlinking /home/reustudents/DroneQuest/devel/share/gennodejs/ros/vicon_bridge/srv/viconGrabPose.js
Symlinking /home/reustudents/DroneQuest/devel/share/gennodejs/ros/vicon_bridge/srv/viconCalibrateSegment.js
Symlinking /home/reustudents/DroneQuest/devel/share/gennodejs/ros/vicon_bridge/srv/_index.js
Symlinking /home/reustudents/DroneQuest/devel/share/gennodejs/ros/vicon_bridge/msg/Markers.js
Symlinking /home/reustudents/DroneQuest/devel/share/gennodejs/ros/vicon_bridge/msg/TfDistortInfo.js
Symlinking /home/reustudents/DroneQuest/devel/share/gennodejs/ros/vicon_bridge/msg/Marker.js
Symlinking /home/reustudents/DroneQuest/devel/share/gennodejs/ros/vicon_bridge/msg/_index.js
Symlinking /home/reustudents/DroneQuest/devel/share/common-lisp/ros/vicon_bridge/srv/_package.lisp
Symlinking /home/reustudents/DroneQuest/devel/share/common-lisp/ros/vicon_bridge/srv/viconCalibrateSegment.lisp
Symlinking /home/reustudents/DroneQuest/devel/share/common-lisp/ros/vicon_bridge/srv/vicon_bridge-srv.asd
Symlinking /home/reustudents/DroneQuest/devel/share/common-lisp/ros/vicon_bridge/srv/_package_viconGrabPose.lisp
Symlinking /home/reustudents/DroneQuest/devel/share/common-lisp/ros/vicon_bridge/srv/viconGrabPose.lisp
Symlinking /home/reustudents/DroneQuest/devel/share/common-lisp/ros/vicon_bridge/srv/_package_viconCalibrateSegment.lisp
Symlinking /home/reustudents/DroneQuest/devel/share/common-lisp/ros/vicon_bridge/msg/_package_TfDistortInfo.lisp
Symlinking /home/reustudents/DroneQuest/devel/share/common-lisp/ros/vicon_bridge/msg/_package.lisp
Symlinking /home/reustudents/DroneQuest/devel/share/common-lisp/ros/vicon_bridge/msg/Markers.lisp
Symlinking /home/reustudents/DroneQuest/devel/share/common-lisp/ros/vicon_bridge/msg/_package_Marker.lisp
Symlinking /home/reustudents/DroneQuest/devel/share/common-lisp/ros/vicon_bridge/msg/_package_Markers.lisp
Symlinking /home/reustudents/DroneQuest/devel/share/common-lisp/ros/vicon_bridge/msg/TfDistortInfo.lisp
Symlinking /home/reustudents/DroneQuest/devel/share/common-lisp/ros/vicon_bridge/msg/vicon_bridge-msg.asd
Symlinking /home/reustudents/DroneQuest/devel/share/common-lisp/ros/vicon_bridge/msg/Marker.lisp
Symlinking /home/reustudents/DroneQuest/devel/lib/libvicon_sdk.so
Symlinking /home/reustudents/DroneQuest/devel/lib/pkgconfig/vicon_bridge.pc
Symlinking /home/reustudents/DroneQuest/devel/lib/vicon_bridge/calibrate
Symlinking /home/reustudents/DroneQuest/devel/lib/vicon_bridge/vicon_bridge
Symlinking /home/reustudents/DroneQuest/devel/lib/vicon_bridge/testclient
Symlinking /home/reustudents/DroneQuest/devel/lib/vicon_bridge/tf_distort
Symlinking /home/reustudents/DroneQuest/devel/lib/python3/dist-packages/vicon_bridge/__init__.py
Symlinking /home/reustudents/DroneQuest/devel/lib/python3/dist-packages/vicon_bridge/srv/_viconGrabPose.py
Symlinking /home/reustudents/DroneQuest/devel/lib/python3/dist-packages/vicon_bridge/srv/__init__.py
Symlinking /home/reustudents/DroneQuest/devel/lib/python3/dist-packages/vicon_bridge/srv/_viconCalibrateSegment.py
Symlinking /home/reustudents/DroneQuest/devel/lib/python3/dist-packages/vicon_bridge/cfg/tf_distortConfig.py
Symlinking /home/reustudents/DroneQuest/devel/lib/python3/dist-packages/vicon_bridge/cfg/__init__.py
Symlinking /home/reustudents/DroneQuest/devel/lib/python3/dist-packages/vicon_bridge/msg/__init__.py
Symlinking /home/reustudents/DroneQuest/devel/lib/python3/dist-packages/vicon_bridge/msg/_TfDistortInfo.py
Symlinking /home/reustudents/DroneQuest/devel/lib/python3/dist-packages/vicon_bridge/msg/_Markers.py
Symlinking /home/reustudents/DroneQuest/devel/lib/python3/dist-packages/vicon_bridge/msg/_Marker.py
Symlinking /home/reustudents/DroneQuest/devel/include/vicon_bridge/viconGrabPoseResponse.h
Symlinking /home/reustudents/DroneQuest/devel/include/vicon_bridge/viconCalibrateSegment.h
Symlinking /home/reustudents/DroneQuest/devel/include/vicon_bridge/viconGrabPose.h
Symlinking /home/reustudents/DroneQuest/devel/include/vicon_bridge/Marker.h
Symlinking /home/reustudents/DroneQuest/devel/include/vicon_bridge/viconGrabPoseRequest.h
Symlinking /home/reustudents/DroneQuest/devel/include/vicon_bridge/viconCalibrateSegmentRequest.h
Symlinking /home/reustudents/DroneQuest/devel/include/vicon_bridge/tf_distortConfig.h
Symlinking /home/reustudents/DroneQuest/devel/include/vicon_bridge/viconCalibrateSegmentResponse.h
Symlinking /home/reustudents/DroneQuest/devel/include/vicon_bridge/Markers.h
Symlinking /home/reustudents/DroneQuest/devel/include/vicon_bridge/TfDistortInfo.h
