[  0%] Built target geometry_msgs_generate_messages_eus
[  0%] Built target geometry_msgs_generate_messages_py
[  0%] Built target geometry_msgs_generate_messages_cpp
[  0%] Built target geometry_msgs_generate_messages_nodejs
[  0%] Built target geometry_msgs_generate_messages_lisp
[  1%] Built target vicon_bridge_gencfg
[  1%] Built target _vicon_bridge_generate_messages_check_deps_viconGrabPose
[  1%] Built target _vicon_bridge_generate_messages_check_deps_Marker
[  1%] Built target _vicon_bridge_generate_messages_check_deps_TfDistortInfo
[  1%] Built target _vicon_bridge_generate_messages_check_deps_viconCalibrateSegment
[  1%] Built target _vicon_bridge_generate_messages_check_deps_Markers
[ 36%] Built target vicon_sdk
[ 49%] Built target vicon_bridge_generate_messages_py
[ 57%] Built target vicon_bridge_generate_messages_cpp
[ 66%] Built target vicon_bridge_generate_messages_lisp
[ 75%] Built target vicon_bridge_generate_messages_nodejs
[ 85%] Built target vicon_bridge_generate_messages_eus
[ 89%] Built target testclient
[ 89%] Built target vicon_bridge_gencpp
[ 89%] Built target vicon_bridge_generate_messages
[ 92%] Built target calibrate
[100%] Built target vicon_bridge
[100%] Built target tf_distort
