Linked: (/home/reustudents/DroneQuest/devel/.private/vicon_bridge/share/roseus/ros/vicon_bridge/manifest.l, /home/reustudents/DroneQuest/devel/share/roseus/ros/vicon_bridge/manifest.l)
Linked: (/home/reustudents/DroneQuest/devel/.private/vicon_bridge/share/roseus/ros/vicon_bridge/srv/viconCalibrateSegment.l, /home/reustudents/DroneQuest/devel/share/roseus/ros/vicon_bridge/srv/viconCalibrateSegment.l)
Linked: (/home/reustudents/DroneQuest/devel/.private/vicon_bridge/share/roseus/ros/vicon_bridge/srv/viconGrabPose.l, /home/reustudents/DroneQuest/devel/share/roseus/ros/vicon_bridge/srv/viconGrabPose.l)
Linked: (/home/reustudents/DroneQuest/devel/.private/vicon_bridge/share/roseus/ros/vicon_bridge/msg/Markers.l, /home/reustudents/DroneQuest/devel/share/roseus/ros/vicon_bridge/msg/Markers.l)
Linked: (/home/reustudents/DroneQuest/devel/.private/vicon_bridge/share/roseus/ros/vicon_bridge/msg/Marker.l, /home/reustudents/DroneQuest/devel/share/roseus/ros/vicon_bridge/msg/Marker.l)
Linked: (/home/reustudents/DroneQuest/devel/.private/vicon_bridge/share/roseus/ros/vicon_bridge/msg/TfDistortInfo.l, /home/reustudents/DroneQuest/devel/share/roseus/ros/vicon_bridge/msg/TfDistortInfo.l)
Linked: (/home/reustudents/DroneQuest/devel/.private/vicon_bridge/share/vicon_bridge/docs/tf_distortConfig.wikidoc, /home/reustudents/DroneQuest/devel/share/vicon_bridge/docs/tf_distortConfig.wikidoc)
Linked: (/home/reustudents/DroneQuest/devel/.private/vicon_bridge/share/vicon_bridge/docs/tf_distortConfig.dox, /home/reustudents/DroneQuest/devel/share/vicon_bridge/docs/tf_distortConfig.dox)
Linked: (/home/reustudents/DroneQuest/devel/.private/vicon_bridge/share/vicon_bridge/docs/tf_distortConfig-usage.dox, /home/reustudents/DroneQuest/devel/share/vicon_bridge/docs/tf_distortConfig-usage.dox)
Linked: (/home/reustudents/DroneQuest/devel/.private/vicon_bridge/share/vicon_bridge/cmake/vicon_bridgeConfig.cmake, /home/reustudents/DroneQuest/devel/share/vicon_bridge/cmake/vicon_bridgeConfig.cmake)
Linked: (/home/reustudents/DroneQuest/devel/.private/vicon_bridge/share/vicon_bridge/cmake/vicon_bridgeConfig-version.cmake, /home/reustudents/DroneQuest/devel/share/vicon_bridge/cmake/vicon_bridgeConfig-version.cmake)
Linked: (/home/reustudents/DroneQuest/devel/.private/vicon_bridge/share/vicon_bridge/cmake/vicon_bridge-msg-paths.cmake, /home/reustudents/DroneQuest/devel/share/vicon_bridge/cmake/vicon_bridge-msg-paths.cmake)
Linked: (/home/reustudents/DroneQuest/devel/.private/vicon_bridge/share/vicon_bridge/cmake/vicon_bridge-msg-extras.cmake, /home/reustudents/DroneQuest/devel/share/vicon_bridge/cmake/vicon_bridge-msg-extras.cmake)
Linked: (/home/reustudents/DroneQuest/devel/.private/vicon_bridge/share/gennodejs/ros/vicon_bridge/_index.js, /home/reustudents/DroneQuest/devel/share/gennodejs/ros/vicon_bridge/_index.js)
Linked: (/home/reustudents/DroneQuest/devel/.private/vicon_bridge/share/gennodejs/ros/vicon_bridge/srv/viconGrabPose.js, /home/reustudents/DroneQuest/devel/share/gennodejs/ros/vicon_bridge/srv/viconGrabPose.js)
Linked: (/home/reustudents/DroneQuest/devel/.private/vicon_bridge/share/gennodejs/ros/vicon_bridge/srv/viconCalibrateSegment.js, /home/reustudents/DroneQuest/devel/share/gennodejs/ros/vicon_bridge/srv/viconCalibrateSegment.js)
Linked: (/home/reustudents/DroneQuest/devel/.private/vicon_bridge/share/gennodejs/ros/vicon_bridge/srv/_index.js, /home/reustudents/DroneQuest/devel/share/gennodejs/ros/vicon_bridge/srv/_index.js)
Linked: (/home/reustudents/DroneQuest/devel/.private/vicon_bridge/share/gennodejs/ros/vicon_bridge/msg/Markers.js, /home/reustudents/DroneQuest/devel/share/gennodejs/ros/vicon_bridge/msg/Markers.js)
Linked: (/home/reustudents/DroneQuest/devel/.private/vicon_bridge/share/gennodejs/ros/vicon_bridge/msg/TfDistortInfo.js, /home/reustudents/DroneQuest/devel/share/gennodejs/ros/vicon_bridge/msg/TfDistortInfo.js)
Linked: (/home/reustudents/DroneQuest/devel/.private/vicon_bridge/share/gennodejs/ros/vicon_bridge/msg/Marker.js, /home/reustudents/DroneQuest/devel/share/gennodejs/ros/vicon_bridge/msg/Marker.js)
Linked: (/home/reustudents/DroneQuest/devel/.private/vicon_bridge/share/gennodejs/ros/vicon_bridge/msg/_index.js, /home/reustudents/DroneQuest/devel/share/gennodejs/ros/vicon_bridge/msg/_index.js)
Linked: (/home/reustudents/DroneQuest/devel/.private/vicon_bridge/share/common-lisp/ros/vicon_bridge/srv/_package.lisp, /home/reustudents/DroneQuest/devel/share/common-lisp/ros/vicon_bridge/srv/_package.lisp)
Linked: (/home/reustudents/DroneQuest/devel/.private/vicon_bridge/share/common-lisp/ros/vicon_bridge/srv/viconCalibrateSegment.lisp, /home/reustudents/DroneQuest/devel/share/common-lisp/ros/vicon_bridge/srv/viconCalibrateSegment.lisp)
Linked: (/home/reustudents/DroneQuest/devel/.private/vicon_bridge/share/common-lisp/ros/vicon_bridge/srv/vicon_bridge-srv.asd, /home/reustudents/DroneQuest/devel/share/common-lisp/ros/vicon_bridge/srv/vicon_bridge-srv.asd)
Linked: (/home/reustudents/DroneQuest/devel/.private/vicon_bridge/share/common-lisp/ros/vicon_bridge/srv/_package_viconGrabPose.lisp, /home/reustudents/DroneQuest/devel/share/common-lisp/ros/vicon_bridge/srv/_package_viconGrabPose.lisp)
Linked: (/home/reustudents/DroneQuest/devel/.private/vicon_bridge/share/common-lisp/ros/vicon_bridge/srv/viconGrabPose.lisp, /home/reustudents/DroneQuest/devel/share/common-lisp/ros/vicon_bridge/srv/viconGrabPose.lisp)
Linked: (/home/reustudents/DroneQuest/devel/.private/vicon_bridge/share/common-lisp/ros/vicon_bridge/srv/_package_viconCalibrateSegment.lisp, /home/reustudents/DroneQuest/devel/share/common-lisp/ros/vicon_bridge/srv/_package_viconCalibrateSegment.lisp)
Linked: (/home/reustudents/DroneQuest/devel/.private/vicon_bridge/share/common-lisp/ros/vicon_bridge/msg/_package_TfDistortInfo.lisp, /home/reustudents/DroneQuest/devel/share/common-lisp/ros/vicon_bridge/msg/_package_TfDistortInfo.lisp)
Linked: (/home/reustudents/DroneQuest/devel/.private/vicon_bridge/share/common-lisp/ros/vicon_bridge/msg/_package.lisp, /home/reustudents/DroneQuest/devel/share/common-lisp/ros/vicon_bridge/msg/_package.lisp)
Linked: (/home/reustudents/DroneQuest/devel/.private/vicon_bridge/share/common-lisp/ros/vicon_bridge/msg/Markers.lisp, /home/reustudents/DroneQuest/devel/share/common-lisp/ros/vicon_bridge/msg/Markers.lisp)
Linked: (/home/reustudents/DroneQuest/devel/.private/vicon_bridge/share/common-lisp/ros/vicon_bridge/msg/_package_Marker.lisp, /home/reustudents/DroneQuest/devel/share/common-lisp/ros/vicon_bridge/msg/_package_Marker.lisp)
Linked: (/home/reustudents/DroneQuest/devel/.private/vicon_bridge/share/common-lisp/ros/vicon_bridge/msg/_package_Markers.lisp, /home/reustudents/DroneQuest/devel/share/common-lisp/ros/vicon_bridge/msg/_package_Markers.lisp)
Linked: (/home/reustudents/DroneQuest/devel/.private/vicon_bridge/share/common-lisp/ros/vicon_bridge/msg/TfDistortInfo.lisp, /home/reustudents/DroneQuest/devel/share/common-lisp/ros/vicon_bridge/msg/TfDistortInfo.lisp)
Linked: (/home/reustudents/DroneQuest/devel/.private/vicon_bridge/share/common-lisp/ros/vicon_bridge/msg/vicon_bridge-msg.asd, /home/reustudents/DroneQuest/devel/share/common-lisp/ros/vicon_bridge/msg/vicon_bridge-msg.asd)
Linked: (/home/reustudents/DroneQuest/devel/.private/vicon_bridge/share/common-lisp/ros/vicon_bridge/msg/Marker.lisp, /home/reustudents/DroneQuest/devel/share/common-lisp/ros/vicon_bridge/msg/Marker.lisp)
Linked: (/home/reustudents/DroneQuest/devel/.private/vicon_bridge/lib/libvicon_sdk.so, /home/reustudents/DroneQuest/devel/lib/libvicon_sdk.so)
Linked: (/home/reustudents/DroneQuest/devel/.private/vicon_bridge/lib/pkgconfig/vicon_bridge.pc, /home/reustudents/DroneQuest/devel/lib/pkgconfig/vicon_bridge.pc)
Linked: (/home/reustudents/DroneQuest/devel/.private/vicon_bridge/lib/vicon_bridge/calibrate, /home/reustudents/DroneQuest/devel/lib/vicon_bridge/calibrate)
Linked: (/home/reustudents/DroneQuest/devel/.private/vicon_bridge/lib/vicon_bridge/vicon_bridge, /home/reustudents/DroneQuest/devel/lib/vicon_bridge/vicon_bridge)
Linked: (/home/reustudents/DroneQuest/devel/.private/vicon_bridge/lib/vicon_bridge/testclient, /home/reustudents/DroneQuest/devel/lib/vicon_bridge/testclient)
Linked: (/home/reustudents/DroneQuest/devel/.private/vicon_bridge/lib/vicon_bridge/tf_distort, /home/reustudents/DroneQuest/devel/lib/vicon_bridge/tf_distort)
Linked: (/home/reustudents/DroneQuest/devel/.private/vicon_bridge/lib/python3/dist-packages/vicon_bridge/__init__.py, /home/reustudents/DroneQuest/devel/lib/python3/dist-packages/vicon_bridge/__init__.py)
Linked: (/home/reustudents/DroneQuest/devel/.private/vicon_bridge/lib/python3/dist-packages/vicon_bridge/srv/_viconGrabPose.py, /home/reustudents/DroneQuest/devel/lib/python3/dist-packages/vicon_bridge/srv/_viconGrabPose.py)
Linked: (/home/reustudents/DroneQuest/devel/.private/vicon_bridge/lib/python3/dist-packages/vicon_bridge/srv/__init__.py, /home/reustudents/DroneQuest/devel/lib/python3/dist-packages/vicon_bridge/srv/__init__.py)
Linked: (/home/reustudents/DroneQuest/devel/.private/vicon_bridge/lib/python3/dist-packages/vicon_bridge/srv/_viconCalibrateSegment.py, /home/reustudents/DroneQuest/devel/lib/python3/dist-packages/vicon_bridge/srv/_viconCalibrateSegment.py)
Linked: (/home/reustudents/DroneQuest/devel/.private/vicon_bridge/lib/python3/dist-packages/vicon_bridge/cfg/tf_distortConfig.py, /home/reustudents/DroneQuest/devel/lib/python3/dist-packages/vicon_bridge/cfg/tf_distortConfig.py)
Linked: (/home/reustudents/DroneQuest/devel/.private/vicon_bridge/lib/python3/dist-packages/vicon_bridge/cfg/__init__.py, /home/reustudents/DroneQuest/devel/lib/python3/dist-packages/vicon_bridge/cfg/__init__.py)
Linked: (/home/reustudents/DroneQuest/devel/.private/vicon_bridge/lib/python3/dist-packages/vicon_bridge/msg/__init__.py, /home/reustudents/DroneQuest/devel/lib/python3/dist-packages/vicon_bridge/msg/__init__.py)
Linked: (/home/reustudents/DroneQuest/devel/.private/vicon_bridge/lib/python3/dist-packages/vicon_bridge/msg/_TfDistortInfo.py, /home/reustudents/DroneQuest/devel/lib/python3/dist-packages/vicon_bridge/msg/_TfDistortInfo.py)
Linked: (/home/reustudents/DroneQuest/devel/.private/vicon_bridge/lib/python3/dist-packages/vicon_bridge/msg/_Markers.py, /home/reustudents/DroneQuest/devel/lib/python3/dist-packages/vicon_bridge/msg/_Markers.py)
Linked: (/home/reustudents/DroneQuest/devel/.private/vicon_bridge/lib/python3/dist-packages/vicon_bridge/msg/_Marker.py, /home/reustudents/DroneQuest/devel/lib/python3/dist-packages/vicon_bridge/msg/_Marker.py)
Linked: (/home/reustudents/DroneQuest/devel/.private/vicon_bridge/include/vicon_bridge/viconGrabPoseResponse.h, /home/reustudents/DroneQuest/devel/include/vicon_bridge/viconGrabPoseResponse.h)
Linked: (/home/reustudents/DroneQuest/devel/.private/vicon_bridge/include/vicon_bridge/viconCalibrateSegment.h, /home/reustudents/DroneQuest/devel/include/vicon_bridge/viconCalibrateSegment.h)
Linked: (/home/reustudents/DroneQuest/devel/.private/vicon_bridge/include/vicon_bridge/viconGrabPose.h, /home/reustudents/DroneQuest/devel/include/vicon_bridge/viconGrabPose.h)
Linked: (/home/reustudents/DroneQuest/devel/.private/vicon_bridge/include/vicon_bridge/Marker.h, /home/reustudents/DroneQuest/devel/include/vicon_bridge/Marker.h)
Linked: (/home/reustudents/DroneQuest/devel/.private/vicon_bridge/include/vicon_bridge/viconGrabPoseRequest.h, /home/reustudents/DroneQuest/devel/include/vicon_bridge/viconGrabPoseRequest.h)
Linked: (/home/reustudents/DroneQuest/devel/.private/vicon_bridge/include/vicon_bridge/viconCalibrateSegmentRequest.h, /home/reustudents/DroneQuest/devel/include/vicon_bridge/viconCalibrateSegmentRequest.h)
Linked: (/home/reustudents/DroneQuest/devel/.private/vicon_bridge/include/vicon_bridge/tf_distortConfig.h, /home/reustudents/DroneQuest/devel/include/vicon_bridge/tf_distortConfig.h)
Linked: (/home/reustudents/DroneQuest/devel/.private/vicon_bridge/include/vicon_bridge/viconCalibrateSegmentResponse.h, /home/reustudents/DroneQuest/devel/include/vicon_bridge/viconCalibrateSegmentResponse.h)
Linked: (/home/reustudents/DroneQuest/devel/.private/vicon_bridge/include/vicon_bridge/Markers.h, /home/reustudents/DroneQuest/devel/include/vicon_bridge/Markers.h)
Linked: (/home/reustudents/DroneQuest/devel/.private/vicon_bridge/include/vicon_bridge/TfDistortInfo.h, /home/reustudents/DroneQuest/devel/include/vicon_bridge/TfDistortInfo.h)
