[  0%] Built target rosgraph_msgs_generate_messages_py
[  0%] Built target freyja_msgs_generate_messages_nodejs
[  0%] Built target freyja_msgs_generate_messages_cpp
[  0%] Built target freyja_msgs_generate_messages_lisp
[  0%] Built target freyja_msgs_generate_messages_py
[  0%] Built target geometry_msgs_generate_messages_eus
[  0%] Built target geometry_msgs_generate_messages_lisp
[  0%] Built target freyja_msgs_generate_messages_eus
[  0%] Built target std_msgs_generate_messages_cpp
[  0%] Built target geometry_msgs_generate_messages_nodejs
[  0%] Built target geometry_msgs_generate_messages_py
[  0%] Built target std_msgs_generate_messages_eus
[  0%] Built target std_msgs_generate_messages_lisp
[  0%] Built target std_msgs_generate_messages_nodejs
[  0%] Built target std_msgs_generate_messages_py
[  0%] Built target roscpp_generate_messages_cpp
[  0%] Built target roscpp_generate_messages_nodejs
[  0%] Built target rosgraph_msgs_generate_messages_cpp
[  0%] Built target roscpp_generate_messages_lisp
[  0%] Built target roscpp_generate_messages_eus
[  0%] Built target roscpp_generate_messages_py
[  0%] Built target rosgraph_msgs_generate_messages_eus
[  0%] Built target rosgraph_msgs_generate_messages_lisp
[  0%] Built target rosgraph_msgs_generate_messages_nodejs
[  0%] Built target geometry_msgs_generate_messages_cpp
[ 50%] [32mBuilding CXX object CMakeFiles/waypoint_manager_node.dir/src/waypoint_manager.cpp.o[0m
[100%] [32m[1mLinking CXX executable /home/reustudents/DroneQuest/devel/.private/waypoint_manager/lib/waypoint_manager/waypoint_manager_node[0m
[100%] Built target waypoint_manager_node
